<?xml version="1.0" encoding="UTF-8"?>
<!-- Generated by org.testng.reporters.JUnitXMLReporter -->
<testsuite ignored="8" hostname="DESKTOP-FVNSSMO" failures="0" tests="1" name="Test" time="38.057" errors="0" timestamp="2024-09-25T17:38:22 IST">
  <testcase classname="QAlegendTestCases.TestCases" name="addSuppliers" time="20.138"/>
  <testcase classname="QAlegendTestCases.TestCases" name="createCustomer" time="0.0">
    <ignored/>
  </testcase> <!-- createCustomer -->
  <testcase classname="QAlegendTestCases.TestCases" name="createCustomerGroup" time="0.0">
    <ignored/>
  </testcase> <!-- createCustomerGroup -->
  <testcase classname="QAlegendTestCases.TestCases" name="createUser" time="0.0">
    <ignored/>
  </testcase> <!-- createUser -->
  <testcase classname="QAlegendTestCases.TestCases" name="addCategories" time="0.0">
    <ignored/>
  </testcase> <!-- addCategories -->
  <testcase classname="QAlegendTestCases.TestCases" name="importProducts" time="0.0">
    <ignored/>
  </testcase> <!-- importProducts -->
  <testcase classname="QAlegendTestCases.TestCases" name="addUnits" time="0.0">
    <ignored/>
  </testcase> <!-- addUnits -->
  <testcase classname="QAlegendTestCases.TestCases" name="addRoles" time="0.0">
    <ignored/>
  </testcase> <!-- addRoles -->
  <testcase classname="QAlegendTestCases.TestCases" name="addBrands" time="0.0">
    <ignored/>
  </testcase> <!-- addBrands -->
</testsuite> <!-- Test -->
