<?xml version="1.0" encoding="UTF-8"?>
<testng-results ignored="0" total="1" passed="1" failed="0" skipped="0">
  <reporter-output>
  </reporter-output>
  <suite started-at="2024-09-25T17:37:41 IST" name="Suite" finished-at="2024-09-25T17:38:19 IST" duration-ms="38057">
    <groups>
    </groups>
    <test started-at="2024-09-25T17:37:41 IST" name="Test" finished-at="2024-09-25T17:38:19 IST" duration-ms="38057">
      <class name="QAlegendTestCases.TestCases">
        <test-method is-config="true" signature="initialization(java.lang.String)[pri:0, instance:QAlegendTestCases.TestCases@194bcebf]" started-at="2024-09-25T17:37:41 IST" name="initialization" finished-at="2024-09-25T17:37:59 IST" duration-ms="17581" status="PASS">
          <params>
            <param index="0">
              <value>
                <![CDATA[Edge]]>
              </value>
            </param>
          </params>
          <reporter-output>
          </reporter-output>
        </test-method> <!-- initialization -->
        <test-method signature="addSuppliers()[pri:0, instance:QAlegendTestCases.TestCases@194bcebf]" started-at="2024-09-25T17:37:59 IST" name="addSuppliers" finished-at="2024-09-25T17:38:19 IST" duration-ms="20138" status="PASS">
          <reporter-output>
          </reporter-output>
        </test-method> <!-- addSuppliers -->
      </class> <!-- QAlegendTestCases.TestCases -->
    </test> <!-- Test -->
  </suite> <!-- Suite -->
</testng-results>
